2019-08-13 16:07:10,645 ERROR 40312 [-/127.0.0.1/-/291ms GET /] nodejs.Error: Please set config.keys first
    at Application.get keys [as keys] (E:\Hnode\HTML\upload\server\node_modules\egg\lib\application.js:266:15)
    at Object.get cookies [as cookies] (E:\Hnode\HTML\upload\server\node_modules\egg\app\extend\context.js:22:66)
    at Object.get [egg-security#CSRF_SECRET] (E:\Hnode\HTML\upload\server\node_modules\egg-security\app\extend\context.js:87:33)
    at Object.ensureCsrfSecret (E:\Hnode\HTML\upload\server\node_modules\egg-security\app\extend\context.js:98:13)
    at csrf (E:\Hnode\HTML\upload\server\node_modules\egg-security\lib\middlewares\csrf.js:15:11)
    at dispatch (E:\Hnode\HTML\upload\server\node_modules\koa-compose\index.js:42:32)
    at E:\Hnode\HTML\upload\server\node_modules\koa-compose\index.js:34:12
    at dispatch (E:\Hnode\HTML\upload\server\node_modules\koa-compose\index.js:42:32)
    at session (E:\Hnode\HTML\upload\server\node_modules\koa-session\index.js:41:13)
    at dispatch (E:\Hnode\HTML\upload\server\node_modules\koa-compose\index.js:42:32)

pid: 40312
hostname: DESKTOP-HAGPPSD

2019-08-13 16:53:56,684 ERROR 36588 nodejs.unhandledExceptionError: read ECONNRESET
    at TCP.onread (net.js:660:25)
errno: "ECONNRESET"
code: "ECONNRESET"
syscall: "read"
name: "unhandledExceptionError"
pid: 36588
hostname: DESKTOP-HAGPPSD

2019-08-13 17:08:14,761 ERROR 72732 nodejs.unhandledExceptionError: read ECONNRESET
    at TCP.onread (net.js:660:25)
errno: "ECONNRESET"
code: "ECONNRESET"
syscall: "read"
name: "unhandledExceptionError"
pid: 72732
hostname: DESKTOP-HAGPPSD

2019-08-13 17:17:32,614 ERROR 81092 [-/127.0.0.1/-/32ms POST /user/upload] nodejs.ENOENTError: ENOENT: no such file or directory, open 'E:\Hnode\HTML\upload\server\public\avater\62ce6b915d38c48f30ed7b58088323d6.jpeg'
    at Object.openSync (fs.js:434:3)
    at Object.writeFileSync (fs.js:1154:35)
    at saveimg (E:\Hnode\HTML\upload\server\app\controller\user.js:7:8)
    at HomeController.upload (E:\Hnode\HTML\upload\server\app\controller\user.js:14:9)
    at Object.callFn (E:\Hnode\HTML\upload\server\node_modules\egg-core\lib\utils\index.js:44:21)
    at Object.classControllerMiddleware (E:\Hnode\HTML\upload\server\node_modules\egg-core\lib\loader\mixin\controller.js:87:20)
    at Object.callFn (E:\Hnode\HTML\upload\server\node_modules\@eggjs\router\lib\utils.js:12:21)
    at wrappedController (E:\Hnode\HTML\upload\server\node_modules\@eggjs\router\lib\egg_router.js:322:18)
    at dispatch (E:\Hnode\HTML\upload\server\node_modules\@eggjs\router\node_modules\koa-compose\index.js:44:32)
    at next (E:\Hnode\HTML\upload\server\node_modules\@eggjs\router\node_modules\koa-compose\index.js:45:18)
errno: -4058
syscall: "open"
code: "ENOENT"
path: "E:\\Hnode\\HTML\\upload\\server\\public\\avater\\62ce6b915d38c48f30ed7b58088323d6.jpeg"
name: "ENOENTError"
pid: 81092
hostname: DESKTOP-HAGPPSD

2019-08-13 17:20:58,443 ERROR 82852 nodejs.unhandledExceptionError: read ECONNRESET
    at TCP.onread (net.js:660:25)
errno: "ECONNRESET"
code: "ECONNRESET"
syscall: "read"
name: "unhandledExceptionError"
pid: 82852
hostname: DESKTOP-HAGPPSD

