2019-08-13 15:33:36,701 INFO 41496 [Timer] E:\Hnode\HTML\upload\server\node_modules\egg-multipart\app\schedule\clean_tmpdir.js next time will execute after 46583302ms at 2019-08-14 04:30:00.003
2019-08-13 15:33:36,701 INFO 41496 [Timer] E:\Hnode\HTML\upload\server\node_modules\egg-logrotator\app\schedule\clean_log.js next time will execute after 30383299ms at 2019-08-14 00:00:00.000
2019-08-13 15:33:36,701 INFO 41496 [Timer] E:\Hnode\HTML\upload\server\node_modules\egg-logrotator\app\schedule\rotate_by_file.js next time will execute after 30384299ms at 2019-08-14 00:00:01.000
2019-08-13 15:33:36,217 INFO 40312 [egg-schedule]: register schedule E:\Hnode\HTML\upload\server\node_modules\egg-multipart\app\schedule\clean_tmpdir.js
2019-08-13 15:33:36,217 INFO 40312 [egg-schedule]: register schedule E:\Hnode\HTML\upload\server\node_modules\egg-logrotator\app\schedule\clean_log.js
2019-08-13 15:33:36,217 INFO 40312 [egg-schedule]: register schedule E:\Hnode\HTML\upload\server\node_modules\egg-logrotator\app\schedule\rotate_by_file.js
2019-08-13 16:07:28,237 INFO 36588 [Timer] E:\Hnode\HTML\upload\server\node_modules\egg-multipart\app\schedule\clean_tmpdir.js next time will execute after 44551768ms at 2019-08-14 04:30:00.005
2019-08-13 16:07:28,237 INFO 36588 [Timer] E:\Hnode\HTML\upload\server\node_modules\egg-logrotator\app\schedule\clean_log.js next time will execute after 28351763ms at 2019-08-14 00:00:00.000
2019-08-13 16:07:28,237 INFO 36588 [Timer] E:\Hnode\HTML\upload\server\node_modules\egg-logrotator\app\schedule\rotate_by_file.js next time will execute after 28352763ms at 2019-08-14 00:00:01.000
2019-08-13 16:07:28,119 INFO 16944 [egg-schedule]: register schedule E:\Hnode\HTML\upload\server\node_modules\egg-multipart\app\schedule\clean_tmpdir.js
2019-08-13 16:07:28,119 INFO 16944 [egg-schedule]: register schedule E:\Hnode\HTML\upload\server\node_modules\egg-logrotator\app\schedule\clean_log.js
2019-08-13 16:07:28,119 INFO 16944 [egg-schedule]: register schedule E:\Hnode\HTML\upload\server\node_modules\egg-logrotator\app\schedule\rotate_by_file.js
2019-08-13 16:09:03,110 INFO 5968 [egg-schedule]: register schedule E:\Hnode\HTML\upload\server\node_modules\egg-multipart\app\schedule\clean_tmpdir.js
2019-08-13 16:09:03,110 INFO 5968 [egg-schedule]: register schedule E:\Hnode\HTML\upload\server\node_modules\egg-logrotator\app\schedule\clean_log.js
2019-08-13 16:09:03,110 INFO 5968 [egg-schedule]: register schedule E:\Hnode\HTML\upload\server\node_modules\egg-logrotator\app\schedule\rotate_by_file.js
2019-08-13 16:09:04,157 INFO 11524 [egg-schedule]: register schedule E:\Hnode\HTML\upload\server\node_modules\egg-multipart\app\schedule\clean_tmpdir.js
2019-08-13 16:09:04,157 INFO 11524 [egg-schedule]: register schedule E:\Hnode\HTML\upload\server\node_modules\egg-logrotator\app\schedule\clean_log.js
2019-08-13 16:09:04,157 INFO 11524 [egg-schedule]: register schedule E:\Hnode\HTML\upload\server\node_modules\egg-logrotator\app\schedule\rotate_by_file.js
2019-08-13 16:09:20,976 INFO 8032 [egg-schedule]: register schedule E:\Hnode\HTML\upload\server\node_modules\egg-multipart\app\schedule\clean_tmpdir.js
2019-08-13 16:09:20,976 INFO 8032 [egg-schedule]: register schedule E:\Hnode\HTML\upload\server\node_modules\egg-logrotator\app\schedule\clean_log.js
2019-08-13 16:09:20,976 INFO 8032 [egg-schedule]: register schedule E:\Hnode\HTML\upload\server\node_modules\egg-logrotator\app\schedule\rotate_by_file.js
2019-08-13 16:53:55,212 INFO 33128 [egg-schedule]: register schedule E:\Hnode\HTML\upload\server\node_modules\egg-multipart\app\schedule\clean_tmpdir.js
2019-08-13 16:53:55,212 INFO 33128 [egg-schedule]: register schedule E:\Hnode\HTML\upload\server\node_modules\egg-logrotator\app\schedule\clean_log.js
2019-08-13 16:53:55,212 INFO 33128 [egg-schedule]: register schedule E:\Hnode\HTML\upload\server\node_modules\egg-logrotator\app\schedule\rotate_by_file.js
2019-08-13 16:53:57,013 INFO 33884 [egg-schedule]: register schedule E:\Hnode\HTML\upload\server\node_modules\egg-multipart\app\schedule\clean_tmpdir.js
2019-08-13 16:53:57,013 INFO 33884 [egg-schedule]: register schedule E:\Hnode\HTML\upload\server\node_modules\egg-logrotator\app\schedule\clean_log.js
2019-08-13 16:53:57,013 INFO 33884 [egg-schedule]: register schedule E:\Hnode\HTML\upload\server\node_modules\egg-logrotator\app\schedule\rotate_by_file.js
2019-08-13 16:54:04,046 INFO 6628 [egg-schedule]: register schedule E:\Hnode\HTML\upload\server\node_modules\egg-multipart\app\schedule\clean_tmpdir.js
2019-08-13 16:54:04,046 INFO 6628 [egg-schedule]: register schedule E:\Hnode\HTML\upload\server\node_modules\egg-logrotator\app\schedule\clean_log.js
2019-08-13 16:54:04,046 INFO 6628 [egg-schedule]: register schedule E:\Hnode\HTML\upload\server\node_modules\egg-logrotator\app\schedule\rotate_by_file.js
2019-08-13 16:55:48,812 INFO 26184 [egg-schedule]: register schedule E:\Hnode\HTML\upload\server\node_modules\egg-multipart\app\schedule\clean_tmpdir.js
2019-08-13 16:55:48,812 INFO 26184 [egg-schedule]: register schedule E:\Hnode\HTML\upload\server\node_modules\egg-logrotator\app\schedule\clean_log.js
2019-08-13 16:55:48,812 INFO 26184 [egg-schedule]: register schedule E:\Hnode\HTML\upload\server\node_modules\egg-logrotator\app\schedule\rotate_by_file.js
2019-08-13 16:55:48,939 INFO 36940 [Timer] E:\Hnode\HTML\upload\server\node_modules\egg-multipart\app\schedule\clean_tmpdir.js next time will execute after 41651065ms at 2019-08-14 04:30:00.004
2019-08-13 16:55:48,940 INFO 36940 [Timer] E:\Hnode\HTML\upload\server\node_modules\egg-logrotator\app\schedule\clean_log.js next time will execute after 25451060ms at 2019-08-14 00:00:00.000
2019-08-13 16:55:48,940 INFO 36940 [Timer] E:\Hnode\HTML\upload\server\node_modules\egg-logrotator\app\schedule\rotate_by_file.js next time will execute after 25452060ms at 2019-08-14 00:00:01.000
2019-08-13 16:56:19,780 INFO 63344 [egg-schedule]: register schedule E:\Hnode\HTML\upload\server\node_modules\egg-multipart\app\schedule\clean_tmpdir.js
2019-08-13 16:56:19,780 INFO 63344 [egg-schedule]: register schedule E:\Hnode\HTML\upload\server\node_modules\egg-logrotator\app\schedule\clean_log.js
2019-08-13 16:56:19,780 INFO 63344 [egg-schedule]: register schedule E:\Hnode\HTML\upload\server\node_modules\egg-logrotator\app\schedule\rotate_by_file.js
2019-08-13 16:56:25,737 INFO 38908 [egg-schedule]: register schedule E:\Hnode\HTML\upload\server\node_modules\egg-multipart\app\schedule\clean_tmpdir.js
2019-08-13 16:56:25,737 INFO 38908 [egg-schedule]: register schedule E:\Hnode\HTML\upload\server\node_modules\egg-logrotator\app\schedule\clean_log.js
2019-08-13 16:56:25,737 INFO 38908 [egg-schedule]: register schedule E:\Hnode\HTML\upload\server\node_modules\egg-logrotator\app\schedule\rotate_by_file.js
2019-08-13 17:00:16,955 INFO 36024 [egg-schedule]: register schedule E:\Hnode\HTML\upload\server\node_modules\egg-multipart\app\schedule\clean_tmpdir.js
2019-08-13 17:00:16,955 INFO 36024 [egg-schedule]: register schedule E:\Hnode\HTML\upload\server\node_modules\egg-logrotator\app\schedule\clean_log.js
2019-08-13 17:00:16,955 INFO 36024 [egg-schedule]: register schedule E:\Hnode\HTML\upload\server\node_modules\egg-logrotator\app\schedule\rotate_by_file.js
2019-08-13 17:00:28,885 INFO 67604 [egg-schedule]: register schedule E:\Hnode\HTML\upload\server\node_modules\egg-multipart\app\schedule\clean_tmpdir.js
2019-08-13 17:00:28,885 INFO 67604 [egg-schedule]: register schedule E:\Hnode\HTML\upload\server\node_modules\egg-logrotator\app\schedule\clean_log.js
2019-08-13 17:00:28,885 INFO 67604 [egg-schedule]: register schedule E:\Hnode\HTML\upload\server\node_modules\egg-logrotator\app\schedule\rotate_by_file.js
2019-08-13 17:00:29,907 INFO 68952 [egg-schedule]: register schedule E:\Hnode\HTML\upload\server\node_modules\egg-multipart\app\schedule\clean_tmpdir.js
2019-08-13 17:00:29,907 INFO 68952 [egg-schedule]: register schedule E:\Hnode\HTML\upload\server\node_modules\egg-logrotator\app\schedule\clean_log.js
2019-08-13 17:00:29,907 INFO 68952 [egg-schedule]: register schedule E:\Hnode\HTML\upload\server\node_modules\egg-logrotator\app\schedule\rotate_by_file.js
2019-08-13 17:00:58,418 INFO 66612 [egg-schedule]: register schedule E:\Hnode\HTML\upload\server\node_modules\egg-multipart\app\schedule\clean_tmpdir.js
2019-08-13 17:00:58,418 INFO 66612 [egg-schedule]: register schedule E:\Hnode\HTML\upload\server\node_modules\egg-logrotator\app\schedule\clean_log.js
2019-08-13 17:00:58,418 INFO 66612 [egg-schedule]: register schedule E:\Hnode\HTML\upload\server\node_modules\egg-logrotator\app\schedule\rotate_by_file.js
2019-08-13 17:00:58,546 INFO 67788 [Timer] E:\Hnode\HTML\upload\server\node_modules\egg-multipart\app\schedule\clean_tmpdir.js next time will execute after 41341458ms at 2019-08-14 04:30:00.004
2019-08-13 17:00:58,546 INFO 67788 [Timer] E:\Hnode\HTML\upload\server\node_modules\egg-logrotator\app\schedule\clean_log.js next time will execute after 25141454ms at 2019-08-14 00:00:00.000
2019-08-13 17:00:58,547 INFO 67788 [Timer] E:\Hnode\HTML\upload\server\node_modules\egg-logrotator\app\schedule\rotate_by_file.js next time will execute after 25142453ms at 2019-08-14 00:00:01.000
2019-08-13 17:02:21,649 INFO 70604 [egg-schedule]: register schedule E:\Hnode\HTML\upload\server\node_modules\egg-multipart\app\schedule\clean_tmpdir.js
2019-08-13 17:02:21,649 INFO 70604 [egg-schedule]: register schedule E:\Hnode\HTML\upload\server\node_modules\egg-logrotator\app\schedule\clean_log.js
2019-08-13 17:02:21,649 INFO 70604 [egg-schedule]: register schedule E:\Hnode\HTML\upload\server\node_modules\egg-logrotator\app\schedule\rotate_by_file.js
2019-08-13 17:02:31,269 INFO 1280 [egg-schedule]: register schedule E:\Hnode\HTML\upload\server\node_modules\egg-multipart\app\schedule\clean_tmpdir.js
2019-08-13 17:02:31,269 INFO 1280 [egg-schedule]: register schedule E:\Hnode\HTML\upload\server\node_modules\egg-logrotator\app\schedule\clean_log.js
2019-08-13 17:02:31,269 INFO 1280 [egg-schedule]: register schedule E:\Hnode\HTML\upload\server\node_modules\egg-logrotator\app\schedule\rotate_by_file.js
2019-08-13 17:02:47,948 INFO 71568 [egg-schedule]: register schedule E:\Hnode\HTML\upload\server\node_modules\egg-multipart\app\schedule\clean_tmpdir.js
2019-08-13 17:02:47,948 INFO 71568 [egg-schedule]: register schedule E:\Hnode\HTML\upload\server\node_modules\egg-logrotator\app\schedule\clean_log.js
2019-08-13 17:02:47,948 INFO 71568 [egg-schedule]: register schedule E:\Hnode\HTML\upload\server\node_modules\egg-logrotator\app\schedule\rotate_by_file.js
2019-08-13 17:06:33,214 INFO 71780 [egg-schedule]: register schedule E:\Hnode\HTML\upload\server\node_modules\egg-multipart\app\schedule\clean_tmpdir.js
2019-08-13 17:06:33,214 INFO 71780 [egg-schedule]: register schedule E:\Hnode\HTML\upload\server\node_modules\egg-logrotator\app\schedule\clean_log.js
2019-08-13 17:06:33,214 INFO 71780 [egg-schedule]: register schedule E:\Hnode\HTML\upload\server\node_modules\egg-logrotator\app\schedule\rotate_by_file.js
2019-08-13 17:06:35,471 INFO 71164 [egg-schedule]: register schedule E:\Hnode\HTML\upload\server\node_modules\egg-multipart\app\schedule\clean_tmpdir.js
2019-08-13 17:06:35,471 INFO 71164 [egg-schedule]: register schedule E:\Hnode\HTML\upload\server\node_modules\egg-logrotator\app\schedule\clean_log.js
2019-08-13 17:06:35,471 INFO 71164 [egg-schedule]: register schedule E:\Hnode\HTML\upload\server\node_modules\egg-logrotator\app\schedule\rotate_by_file.js
2019-08-13 17:06:39,121 INFO 68840 [egg-schedule]: register schedule E:\Hnode\HTML\upload\server\node_modules\egg-multipart\app\schedule\clean_tmpdir.js
2019-08-13 17:06:39,121 INFO 68840 [egg-schedule]: register schedule E:\Hnode\HTML\upload\server\node_modules\egg-logrotator\app\schedule\clean_log.js
2019-08-13 17:06:39,121 INFO 68840 [egg-schedule]: register schedule E:\Hnode\HTML\upload\server\node_modules\egg-logrotator\app\schedule\rotate_by_file.js
2019-08-13 17:06:50,036 INFO 72732 [Timer] E:\Hnode\HTML\upload\server\node_modules\egg-multipart\app\schedule\clean_tmpdir.js next time will execute after 40989968ms at 2019-08-14 04:30:00.004
2019-08-13 17:06:50,037 INFO 72732 [Timer] E:\Hnode\HTML\upload\server\node_modules\egg-logrotator\app\schedule\clean_log.js next time will execute after 24789964ms at 2019-08-14 00:00:00.001
2019-08-13 17:06:50,037 INFO 72732 [Timer] E:\Hnode\HTML\upload\server\node_modules\egg-logrotator\app\schedule\rotate_by_file.js next time will execute after 24790963ms at 2019-08-14 00:00:01.000
2019-08-13 17:06:49,895 INFO 73244 [egg-schedule]: register schedule E:\Hnode\HTML\upload\server\node_modules\egg-multipart\app\schedule\clean_tmpdir.js
2019-08-13 17:06:49,896 INFO 73244 [egg-schedule]: register schedule E:\Hnode\HTML\upload\server\node_modules\egg-logrotator\app\schedule\clean_log.js
2019-08-13 17:06:49,896 INFO 73244 [egg-schedule]: register schedule E:\Hnode\HTML\upload\server\node_modules\egg-logrotator\app\schedule\rotate_by_file.js
2019-08-13 17:08:05,320 INFO 73788 [egg-schedule]: register schedule E:\Hnode\HTML\upload\server\node_modules\egg-multipart\app\schedule\clean_tmpdir.js
2019-08-13 17:08:05,320 INFO 73788 [egg-schedule]: register schedule E:\Hnode\HTML\upload\server\node_modules\egg-logrotator\app\schedule\clean_log.js
2019-08-13 17:08:05,320 INFO 73788 [egg-schedule]: register schedule E:\Hnode\HTML\upload\server\node_modules\egg-logrotator\app\schedule\rotate_by_file.js
2019-08-13 17:08:06,921 INFO 73088 [egg-schedule]: register schedule E:\Hnode\HTML\upload\server\node_modules\egg-multipart\app\schedule\clean_tmpdir.js
2019-08-13 17:08:06,921 INFO 73088 [egg-schedule]: register schedule E:\Hnode\HTML\upload\server\node_modules\egg-logrotator\app\schedule\clean_log.js
2019-08-13 17:08:06,921 INFO 73088 [egg-schedule]: register schedule E:\Hnode\HTML\upload\server\node_modules\egg-logrotator\app\schedule\rotate_by_file.js
2019-08-13 17:08:13,692 INFO 59956 [egg-schedule]: register schedule E:\Hnode\HTML\upload\server\node_modules\egg-multipart\app\schedule\clean_tmpdir.js
2019-08-13 17:08:13,692 INFO 59956 [egg-schedule]: register schedule E:\Hnode\HTML\upload\server\node_modules\egg-logrotator\app\schedule\clean_log.js
2019-08-13 17:08:13,692 INFO 59956 [egg-schedule]: register schedule E:\Hnode\HTML\upload\server\node_modules\egg-logrotator\app\schedule\rotate_by_file.js
2019-08-13 17:08:15,122 INFO 74340 [egg-schedule]: register schedule E:\Hnode\HTML\upload\server\node_modules\egg-multipart\app\schedule\clean_tmpdir.js
2019-08-13 17:08:15,122 INFO 74340 [egg-schedule]: register schedule E:\Hnode\HTML\upload\server\node_modules\egg-logrotator\app\schedule\clean_log.js
2019-08-13 17:08:15,122 INFO 74340 [egg-schedule]: register schedule E:\Hnode\HTML\upload\server\node_modules\egg-logrotator\app\schedule\rotate_by_file.js
2019-08-13 17:08:25,442 INFO 70928 [egg-schedule]: register schedule E:\Hnode\HTML\upload\server\node_modules\egg-multipart\app\schedule\clean_tmpdir.js
2019-08-13 17:08:25,442 INFO 70928 [egg-schedule]: register schedule E:\Hnode\HTML\upload\server\node_modules\egg-logrotator\app\schedule\clean_log.js
2019-08-13 17:08:25,442 INFO 70928 [egg-schedule]: register schedule E:\Hnode\HTML\upload\server\node_modules\egg-logrotator\app\schedule\rotate_by_file.js
2019-08-13 17:08:52,802 INFO 74728 [egg-schedule]: register schedule E:\Hnode\HTML\upload\server\node_modules\egg-multipart\app\schedule\clean_tmpdir.js
2019-08-13 17:08:52,802 INFO 74728 [egg-schedule]: register schedule E:\Hnode\HTML\upload\server\node_modules\egg-logrotator\app\schedule\clean_log.js
2019-08-13 17:08:52,802 INFO 74728 [egg-schedule]: register schedule E:\Hnode\HTML\upload\server\node_modules\egg-logrotator\app\schedule\rotate_by_file.js
2019-08-13 17:08:54,603 INFO 63852 [egg-schedule]: register schedule E:\Hnode\HTML\upload\server\node_modules\egg-multipart\app\schedule\clean_tmpdir.js
2019-08-13 17:08:54,603 INFO 63852 [egg-schedule]: register schedule E:\Hnode\HTML\upload\server\node_modules\egg-logrotator\app\schedule\clean_log.js
2019-08-13 17:08:54,603 INFO 63852 [egg-schedule]: register schedule E:\Hnode\HTML\upload\server\node_modules\egg-logrotator\app\schedule\rotate_by_file.js
2019-08-13 17:08:56,734 INFO 75196 [egg-schedule]: register schedule E:\Hnode\HTML\upload\server\node_modules\egg-multipart\app\schedule\clean_tmpdir.js
2019-08-13 17:08:56,734 INFO 75196 [egg-schedule]: register schedule E:\Hnode\HTML\upload\server\node_modules\egg-logrotator\app\schedule\clean_log.js
2019-08-13 17:08:56,734 INFO 75196 [egg-schedule]: register schedule E:\Hnode\HTML\upload\server\node_modules\egg-logrotator\app\schedule\rotate_by_file.js
2019-08-13 17:08:59,084 INFO 75248 [egg-schedule]: register schedule E:\Hnode\HTML\upload\server\node_modules\egg-multipart\app\schedule\clean_tmpdir.js
2019-08-13 17:08:59,084 INFO 75248 [egg-schedule]: register schedule E:\Hnode\HTML\upload\server\node_modules\egg-logrotator\app\schedule\clean_log.js
2019-08-13 17:08:59,084 INFO 75248 [egg-schedule]: register schedule E:\Hnode\HTML\upload\server\node_modules\egg-logrotator\app\schedule\rotate_by_file.js
2019-08-13 17:09:09,951 INFO 75032 [egg-schedule]: register schedule E:\Hnode\HTML\upload\server\node_modules\egg-multipart\app\schedule\clean_tmpdir.js
2019-08-13 17:09:09,951 INFO 75032 [egg-schedule]: register schedule E:\Hnode\HTML\upload\server\node_modules\egg-logrotator\app\schedule\clean_log.js
2019-08-13 17:09:09,951 INFO 75032 [egg-schedule]: register schedule E:\Hnode\HTML\upload\server\node_modules\egg-logrotator\app\schedule\rotate_by_file.js
2019-08-13 17:09:53,196 INFO 75388 [egg-schedule]: register schedule E:\Hnode\HTML\upload\server\node_modules\egg-multipart\app\schedule\clean_tmpdir.js
2019-08-13 17:09:53,196 INFO 75388 [egg-schedule]: register schedule E:\Hnode\HTML\upload\server\node_modules\egg-logrotator\app\schedule\clean_log.js
2019-08-13 17:09:53,196 INFO 75388 [egg-schedule]: register schedule E:\Hnode\HTML\upload\server\node_modules\egg-logrotator\app\schedule\rotate_by_file.js
2019-08-13 17:10:00,325 INFO 76276 [egg-schedule]: register schedule E:\Hnode\HTML\upload\server\node_modules\egg-multipart\app\schedule\clean_tmpdir.js
2019-08-13 17:10:00,325 INFO 76276 [egg-schedule]: register schedule E:\Hnode\HTML\upload\server\node_modules\egg-logrotator\app\schedule\clean_log.js
2019-08-13 17:10:00,325 INFO 76276 [egg-schedule]: register schedule E:\Hnode\HTML\upload\server\node_modules\egg-logrotator\app\schedule\rotate_by_file.js
2019-08-13 17:10:00,444 INFO 76564 [Timer] E:\Hnode\HTML\upload\server\node_modules\egg-multipart\app\schedule\clean_tmpdir.js next time will execute after 40799560ms at 2019-08-14 04:30:00.004
2019-08-13 17:10:00,444 INFO 76564 [Timer] E:\Hnode\HTML\upload\server\node_modules\egg-logrotator\app\schedule\clean_log.js next time will execute after 24599556ms at 2019-08-14 00:00:00.000
2019-08-13 17:10:00,444 INFO 76564 [Timer] E:\Hnode\HTML\upload\server\node_modules\egg-logrotator\app\schedule\rotate_by_file.js next time will execute after 24600556ms at 2019-08-14 00:00:01.000
2019-08-13 17:10:42,950 INFO 67368 [egg-schedule]: register schedule E:\Hnode\HTML\upload\server\node_modules\egg-multipart\app\schedule\clean_tmpdir.js
2019-08-13 17:10:42,950 INFO 67368 [egg-schedule]: register schedule E:\Hnode\HTML\upload\server\node_modules\egg-logrotator\app\schedule\clean_log.js
2019-08-13 17:10:42,950 INFO 67368 [egg-schedule]: register schedule E:\Hnode\HTML\upload\server\node_modules\egg-logrotator\app\schedule\rotate_by_file.js
2019-08-13 17:11:11,411 INFO 17260 [egg-schedule]: register schedule E:\Hnode\HTML\upload\server\node_modules\egg-multipart\app\schedule\clean_tmpdir.js
2019-08-13 17:11:11,411 INFO 17260 [egg-schedule]: register schedule E:\Hnode\HTML\upload\server\node_modules\egg-logrotator\app\schedule\clean_log.js
2019-08-13 17:11:11,411 INFO 17260 [egg-schedule]: register schedule E:\Hnode\HTML\upload\server\node_modules\egg-logrotator\app\schedule\rotate_by_file.js
2019-08-13 17:11:13,349 INFO 75988 [egg-schedule]: register schedule E:\Hnode\HTML\upload\server\node_modules\egg-multipart\app\schedule\clean_tmpdir.js
2019-08-13 17:11:13,349 INFO 75988 [egg-schedule]: register schedule E:\Hnode\HTML\upload\server\node_modules\egg-logrotator\app\schedule\clean_log.js
2019-08-13 17:11:13,349 INFO 75988 [egg-schedule]: register schedule E:\Hnode\HTML\upload\server\node_modules\egg-logrotator\app\schedule\rotate_by_file.js
2019-08-13 17:11:17,316 INFO 77868 [egg-schedule]: register schedule E:\Hnode\HTML\upload\server\node_modules\egg-multipart\app\schedule\clean_tmpdir.js
2019-08-13 17:11:17,316 INFO 77868 [egg-schedule]: register schedule E:\Hnode\HTML\upload\server\node_modules\egg-logrotator\app\schedule\clean_log.js
2019-08-13 17:11:17,316 INFO 77868 [egg-schedule]: register schedule E:\Hnode\HTML\upload\server\node_modules\egg-logrotator\app\schedule\rotate_by_file.js
2019-08-13 17:14:21,358 INFO 78952 [egg-schedule]: register schedule E:\Hnode\HTML\upload\server\node_modules\egg-multipart\app\schedule\clean_tmpdir.js
2019-08-13 17:14:21,358 INFO 78952 [egg-schedule]: register schedule E:\Hnode\HTML\upload\server\node_modules\egg-logrotator\app\schedule\clean_log.js
2019-08-13 17:14:21,358 INFO 78952 [egg-schedule]: register schedule E:\Hnode\HTML\upload\server\node_modules\egg-logrotator\app\schedule\rotate_by_file.js
2019-08-13 17:16:34,182 INFO 80512 [egg-schedule]: register schedule E:\Hnode\HTML\upload\server\node_modules\egg-multipart\app\schedule\clean_tmpdir.js
2019-08-13 17:16:34,182 INFO 80512 [egg-schedule]: register schedule E:\Hnode\HTML\upload\server\node_modules\egg-logrotator\app\schedule\clean_log.js
2019-08-13 17:16:34,182 INFO 80512 [egg-schedule]: register schedule E:\Hnode\HTML\upload\server\node_modules\egg-logrotator\app\schedule\rotate_by_file.js
2019-08-13 17:16:35,173 INFO 80172 [egg-schedule]: register schedule E:\Hnode\HTML\upload\server\node_modules\egg-multipart\app\schedule\clean_tmpdir.js
2019-08-13 17:16:35,173 INFO 80172 [egg-schedule]: register schedule E:\Hnode\HTML\upload\server\node_modules\egg-logrotator\app\schedule\clean_log.js
2019-08-13 17:16:35,173 INFO 80172 [egg-schedule]: register schedule E:\Hnode\HTML\upload\server\node_modules\egg-logrotator\app\schedule\rotate_by_file.js
2019-08-13 17:17:14,325 INFO 79500 [egg-schedule]: register schedule E:\Hnode\HTML\upload\server\node_modules\egg-multipart\app\schedule\clean_tmpdir.js
2019-08-13 17:17:14,325 INFO 79500 [egg-schedule]: register schedule E:\Hnode\HTML\upload\server\node_modules\egg-logrotator\app\schedule\clean_log.js
2019-08-13 17:17:14,325 INFO 79500 [egg-schedule]: register schedule E:\Hnode\HTML\upload\server\node_modules\egg-logrotator\app\schedule\rotate_by_file.js
2019-08-13 17:17:15,375 INFO 80712 [egg-schedule]: register schedule E:\Hnode\HTML\upload\server\node_modules\egg-multipart\app\schedule\clean_tmpdir.js
2019-08-13 17:17:15,375 INFO 80712 [egg-schedule]: register schedule E:\Hnode\HTML\upload\server\node_modules\egg-logrotator\app\schedule\clean_log.js
2019-08-13 17:17:15,375 INFO 80712 [egg-schedule]: register schedule E:\Hnode\HTML\upload\server\node_modules\egg-logrotator\app\schedule\rotate_by_file.js
2019-08-13 17:17:26,829 INFO 81092 [egg-schedule]: register schedule E:\Hnode\HTML\upload\server\node_modules\egg-multipart\app\schedule\clean_tmpdir.js
2019-08-13 17:17:26,829 INFO 81092 [egg-schedule]: register schedule E:\Hnode\HTML\upload\server\node_modules\egg-logrotator\app\schedule\clean_log.js
2019-08-13 17:17:26,829 INFO 81092 [egg-schedule]: register schedule E:\Hnode\HTML\upload\server\node_modules\egg-logrotator\app\schedule\rotate_by_file.js
2019-08-13 17:17:26,941 INFO 81360 [Timer] E:\Hnode\HTML\upload\server\node_modules\egg-multipart\app\schedule\clean_tmpdir.js next time will execute after 40353063ms at 2019-08-14 04:30:00.004
2019-08-13 17:17:26,941 INFO 81360 [Timer] E:\Hnode\HTML\upload\server\node_modules\egg-logrotator\app\schedule\clean_log.js next time will execute after 24153059ms at 2019-08-14 00:00:00.000
2019-08-13 17:17:26,941 INFO 81360 [Timer] E:\Hnode\HTML\upload\server\node_modules\egg-logrotator\app\schedule\rotate_by_file.js next time will execute after 24154059ms at 2019-08-14 00:00:01.000
2019-08-13 17:18:11,056 INFO 81656 [egg-schedule]: register schedule E:\Hnode\HTML\upload\server\node_modules\egg-multipart\app\schedule\clean_tmpdir.js
2019-08-13 17:18:11,056 INFO 81656 [egg-schedule]: register schedule E:\Hnode\HTML\upload\server\node_modules\egg-logrotator\app\schedule\clean_log.js
2019-08-13 17:18:11,056 INFO 81656 [egg-schedule]: register schedule E:\Hnode\HTML\upload\server\node_modules\egg-logrotator\app\schedule\rotate_by_file.js
2019-08-13 17:18:12,155 INFO 81808 [egg-schedule]: register schedule E:\Hnode\HTML\upload\server\node_modules\egg-multipart\app\schedule\clean_tmpdir.js
2019-08-13 17:18:12,155 INFO 81808 [egg-schedule]: register schedule E:\Hnode\HTML\upload\server\node_modules\egg-logrotator\app\schedule\clean_log.js
2019-08-13 17:18:12,155 INFO 81808 [egg-schedule]: register schedule E:\Hnode\HTML\upload\server\node_modules\egg-logrotator\app\schedule\rotate_by_file.js
2019-08-13 17:18:19,752 INFO 82608 [egg-schedule]: register schedule E:\Hnode\HTML\upload\server\node_modules\egg-multipart\app\schedule\clean_tmpdir.js
2019-08-13 17:18:19,752 INFO 82608 [egg-schedule]: register schedule E:\Hnode\HTML\upload\server\node_modules\egg-logrotator\app\schedule\clean_log.js
2019-08-13 17:18:19,752 INFO 82608 [egg-schedule]: register schedule E:\Hnode\HTML\upload\server\node_modules\egg-logrotator\app\schedule\rotate_by_file.js
2019-08-13 17:18:19,866 INFO 82852 [Timer] E:\Hnode\HTML\upload\server\node_modules\egg-multipart\app\schedule\clean_tmpdir.js next time will execute after 40300137ms at 2019-08-14 04:30:00.003
2019-08-13 17:18:19,867 INFO 82852 [Timer] E:\Hnode\HTML\upload\server\node_modules\egg-logrotator\app\schedule\clean_log.js next time will execute after 24100133ms at 2019-08-14 00:00:00.000
2019-08-13 17:18:19,867 INFO 82852 [Timer] E:\Hnode\HTML\upload\server\node_modules\egg-logrotator\app\schedule\rotate_by_file.js next time will execute after 24101133ms at 2019-08-14 00:00:01.000
2019-08-13 17:18:34,958 INFO 82468 [egg-schedule]: register schedule E:\Hnode\HTML\upload\server\node_modules\egg-multipart\app\schedule\clean_tmpdir.js
2019-08-13 17:18:34,958 INFO 82468 [egg-schedule]: register schedule E:\Hnode\HTML\upload\server\node_modules\egg-logrotator\app\schedule\clean_log.js
2019-08-13 17:18:34,958 INFO 82468 [egg-schedule]: register schedule E:\Hnode\HTML\upload\server\node_modules\egg-logrotator\app\schedule\rotate_by_file.js
2019-08-13 17:18:36,809 INFO 82716 [egg-schedule]: register schedule E:\Hnode\HTML\upload\server\node_modules\egg-multipart\app\schedule\clean_tmpdir.js
2019-08-13 17:18:36,809 INFO 82716 [egg-schedule]: register schedule E:\Hnode\HTML\upload\server\node_modules\egg-logrotator\app\schedule\clean_log.js
2019-08-13 17:18:36,809 INFO 82716 [egg-schedule]: register schedule E:\Hnode\HTML\upload\server\node_modules\egg-logrotator\app\schedule\rotate_by_file.js
2019-08-13 17:19:28,674 INFO 75028 [egg-schedule]: register schedule E:\Hnode\HTML\upload\server\node_modules\egg-multipart\app\schedule\clean_tmpdir.js
2019-08-13 17:19:28,674 INFO 75028 [egg-schedule]: register schedule E:\Hnode\HTML\upload\server\node_modules\egg-logrotator\app\schedule\clean_log.js
2019-08-13 17:19:28,674 INFO 75028 [egg-schedule]: register schedule E:\Hnode\HTML\upload\server\node_modules\egg-logrotator\app\schedule\rotate_by_file.js
2019-08-13 17:19:33,766 INFO 82352 [egg-schedule]: register schedule E:\Hnode\HTML\upload\server\node_modules\egg-multipart\app\schedule\clean_tmpdir.js
2019-08-13 17:19:33,766 INFO 82352 [egg-schedule]: register schedule E:\Hnode\HTML\upload\server\node_modules\egg-logrotator\app\schedule\clean_log.js
2019-08-13 17:19:33,766 INFO 82352 [egg-schedule]: register schedule E:\Hnode\HTML\upload\server\node_modules\egg-logrotator\app\schedule\rotate_by_file.js
2019-08-13 17:20:57,331 INFO 83416 [egg-schedule]: register schedule E:\Hnode\HTML\upload\server\node_modules\egg-multipart\app\schedule\clean_tmpdir.js
2019-08-13 17:20:57,331 INFO 83416 [egg-schedule]: register schedule E:\Hnode\HTML\upload\server\node_modules\egg-logrotator\app\schedule\clean_log.js
2019-08-13 17:20:57,331 INFO 83416 [egg-schedule]: register schedule E:\Hnode\HTML\upload\server\node_modules\egg-logrotator\app\schedule\rotate_by_file.js
2019-08-13 17:20:58,936 INFO 83084 [egg-schedule]: register schedule E:\Hnode\HTML\upload\server\node_modules\egg-multipart\app\schedule\clean_tmpdir.js
2019-08-13 17:20:58,936 INFO 83084 [egg-schedule]: register schedule E:\Hnode\HTML\upload\server\node_modules\egg-logrotator\app\schedule\clean_log.js
2019-08-13 17:20:58,936 INFO 83084 [egg-schedule]: register schedule E:\Hnode\HTML\upload\server\node_modules\egg-logrotator\app\schedule\rotate_by_file.js
2019-08-13 17:21:00,152 INFO 83440 [egg-schedule]: register schedule E:\Hnode\HTML\upload\server\node_modules\egg-multipart\app\schedule\clean_tmpdir.js
2019-08-13 17:21:00,152 INFO 83440 [egg-schedule]: register schedule E:\Hnode\HTML\upload\server\node_modules\egg-logrotator\app\schedule\clean_log.js
2019-08-13 17:21:00,152 INFO 83440 [egg-schedule]: register schedule E:\Hnode\HTML\upload\server\node_modules\egg-logrotator\app\schedule\rotate_by_file.js
2019-08-13 17:21:09,324 INFO 83684 [egg-schedule]: register schedule E:\Hnode\HTML\upload\server\node_modules\egg-multipart\app\schedule\clean_tmpdir.js
2019-08-13 17:21:09,324 INFO 83684 [egg-schedule]: register schedule E:\Hnode\HTML\upload\server\node_modules\egg-logrotator\app\schedule\clean_log.js
2019-08-13 17:21:09,324 INFO 83684 [egg-schedule]: register schedule E:\Hnode\HTML\upload\server\node_modules\egg-logrotator\app\schedule\rotate_by_file.js
2019-08-13 17:22:14,077 INFO 84448 [egg-schedule]: register schedule E:\Hnode\HTML\upload\server\node_modules\egg-multipart\app\schedule\clean_tmpdir.js
2019-08-13 17:22:14,077 INFO 84448 [egg-schedule]: register schedule E:\Hnode\HTML\upload\server\node_modules\egg-logrotator\app\schedule\clean_log.js
2019-08-13 17:22:14,077 INFO 84448 [egg-schedule]: register schedule E:\Hnode\HTML\upload\server\node_modules\egg-logrotator\app\schedule\rotate_by_file.js
