2019-08-13 16:07:10,652 ERROR 40312 [-/127.0.0.1/-/291ms GET /] nodejs.Error: Please set config.keys first
    at Application.get keys [as keys] (E:\Hnode\HTML\upload\server\node_modules\egg\lib\application.js:266:15)
    at Object.get cookies [as cookies] (E:\Hnode\HTML\upload\server\node_modules\egg\app\extend\context.js:22:66)
    at Object.get [egg-security#CSRF_SECRET] (E:\Hnode\HTML\upload\server\node_modules\egg-security\app\extend\context.js:87:33)
    at Object.ensureCsrfSecret (E:\Hnode\HTML\upload\server\node_modules\egg-security\app\extend\context.js:98:13)
    at csrf (E:\Hnode\HTML\upload\server\node_modules\egg-security\lib\middlewares\csrf.js:15:11)
    at dispatch (E:\Hnode\HTML\upload\server\node_modules\koa-compose\index.js:42:32)
    at E:\Hnode\HTML\upload\server\node_modules\koa-compose\index.js:34:12
    at dispatch (E:\Hnode\HTML\upload\server\node_modules\koa-compose\index.js:42:32)
    at session (E:\Hnode\HTML\upload\server\node_modules\koa-session\index.js:41:13)
    at dispatch (E:\Hnode\HTML\upload\server\node_modules\koa-compose\index.js:42:32)

pid: 40312
hostname: DESKTOP-HAGPPSD

2019-08-13 16:07:38,477 WARN 16944 [-/127.0.0.1/-/18ms POST /user/upload] missing csrf token. See https://eggjs.org/zh-cn/core/security.html#安全威胁csrf的防范
2019-08-13 16:07:38,480 WARN 16944 [-/127.0.0.1/-/21ms POST /user/upload] nodejs.ForbiddenError: missing csrf token
    at Object.throw (E:\Hnode\HTML\upload\server\node_modules\koa\lib\context.js:97:11)
    at Object.assertCsrf (E:\Hnode\HTML\upload\server\node_modules\egg-security\app\extend\context.js:154:19)
    at csrf (E:\Hnode\HTML\upload\server\node_modules\egg-security\lib\middlewares\csrf.js:33:9)
    at dispatch (E:\Hnode\HTML\upload\server\node_modules\koa-compose\index.js:42:32)
    at E:\Hnode\HTML\upload\server\node_modules\koa-compose\index.js:34:12
    at dispatch (E:\Hnode\HTML\upload\server\node_modules\koa-compose\index.js:42:32)
    at session (E:\Hnode\HTML\upload\server\node_modules\koa-session\index.js:41:13)
    at dispatch (E:\Hnode\HTML\upload\server\node_modules\koa-compose\index.js:42:32)
    at overrideMethod (E:\Hnode\HTML\upload\server\node_modules\koa-override\index.js:38:12)
    at dispatch (E:\Hnode\HTML\upload\server\node_modules\koa-compose\index.js:42:32)
message: "missing csrf token"
pid: 16944
hostname: DESKTOP-HAGPPSD

2019-08-13 17:17:32,616 ERROR 81092 [-/127.0.0.1/-/32ms POST /user/upload] nodejs.ENOENTError: ENOENT: no such file or directory, open 'E:\Hnode\HTML\upload\server\public\avater\62ce6b915d38c48f30ed7b58088323d6.jpeg'
    at Object.openSync (fs.js:434:3)
    at Object.writeFileSync (fs.js:1154:35)
    at saveimg (E:\Hnode\HTML\upload\server\app\controller\user.js:7:8)
    at HomeController.upload (E:\Hnode\HTML\upload\server\app\controller\user.js:14:9)
    at Object.callFn (E:\Hnode\HTML\upload\server\node_modules\egg-core\lib\utils\index.js:44:21)
    at Object.classControllerMiddleware (E:\Hnode\HTML\upload\server\node_modules\egg-core\lib\loader\mixin\controller.js:87:20)
    at Object.callFn (E:\Hnode\HTML\upload\server\node_modules\@eggjs\router\lib\utils.js:12:21)
    at wrappedController (E:\Hnode\HTML\upload\server\node_modules\@eggjs\router\lib\egg_router.js:322:18)
    at dispatch (E:\Hnode\HTML\upload\server\node_modules\@eggjs\router\node_modules\koa-compose\index.js:44:32)
    at next (E:\Hnode\HTML\upload\server\node_modules\@eggjs\router\node_modules\koa-compose\index.js:45:18)
errno: -4058
syscall: "open"
code: "ENOENT"
path: "E:\\Hnode\\HTML\\upload\\server\\public\\avater\\62ce6b915d38c48f30ed7b58088323d6.jpeg"
name: "ENOENTError"
pid: 81092
hostname: DESKTOP-HAGPPSD

